mode: set
govite/main.go:38.47,40.3 1 0
govite/main.go:43.13,52.2 7 1
govite/main.go:54.13,55.42 1 0
govite/main.go:55.42,58.3 2 0
govite/main.go:61.55,64.19 2 1
govite/main.go:64.19,66.3 1 1
govite/main.go:69.2,70.16 2 1
govite/main.go:70.16,72.3 1 0
govite/main.go:74.2,77.57 2 1
govite/main.go:77.57,79.3 1 1
govite/main.go:82.2,83.22 2 1
govite/main.go:83.22,85.3 1 1
govite/main.go:87.2,107.68 10 1
govite/main.go:107.68,109.3 1 0
govite/main.go:111.2,118.12 7 1
govite/main.go:121.77,144.27 2 1
govite/main.go:144.27,145.76 1 1
govite/main.go:145.76,147.4 1 0
govite/main.go:151.2,194.35 2 1
govite/main.go:194.35,196.71 2 1
govite/main.go:196.71,198.4 1 0
govite/main.go:201.2,202.12 2 1
govite/main.go:206.49,219.2 1 1
govite/main.go:221.30,562.2 1 1
govite/main.go:564.52,646.2 1 1
govite/main.go:648.50,719.2 1 1
govite/main.go:721.33,768.2 1 1
govite/main.go:770.37,773.2 1 1
govite/main.go:775.54,784.2 1 1
govite/main.go:786.55,806.2 1 1
govite/main.go:808.42,868.2 1 1
govite/main.go:871.36,881.2 1 1
govite/main.go:883.35,921.2 1 1
govite/main.go:923.30,963.2 1 1
govite/main.go:965.30,1006.2 1 1
govite/main.go:1008.32,1038.2 1 1
govite/main.go:1040.38,1060.2 1 1
govite/main.go:1062.40,1086.2 1 1
govite/main.go:1088.37,1103.2 1 1
govite/main.go:1105.36,1119.2 1 1
govite/main.go:1121.33,1134.2 1 1
govite/main.go:1136.38,1172.2 1 1
govite/main.go:1174.38,1198.2 1 1
govite/main.go:1200.32,1215.2 1 1
govite/main.go:1217.30,1235.2 1 1
govite/main.go:1238.55,1273.2 1 1
govite/main.go:1275.54,1304.2 1 1
govite/main.go:1306.38,1334.2 1 1
govite/main.go:1336.37,1344.2 1 1
govite/main.go:1346.53,1361.2 1 1
govite/main.go:1363.31,1375.2 1 1
govite/main.go:1377.50,1453.2 1 1
govite/main.go:1455.32,1460.2 1 1
govite/main.go:1462.32,1485.2 1 1
govite/main.go:1487.34,1497.2 1 1
